<?xml version="1.0" encoding="UTF-8"?>
<!-- Generated by org.testng.reporters.JUnitXMLReporter -->
<testsuite hostname="vend-jahanzaib" failures="0" tests="5" name="Login And Logout" time="27.921" errors="0" timestamp="5 Nov 2020 00:45:36 GMT">
  <testcase classname="testCases.LoginTests" name="loginIntoApplication" time="0.005"/>
  <testcase classname="testCases.LoginTests" name="Scrolling" time="13.739"/>
  <testcase classname="testCases.LoginTests" name="ListBoxDemo" time="6.278"/>
  <testcase classname="testCases.TrainingSession" name="AlertWindow" time="0.529"/>
  <testcase classname="testCases.TrainingSession" name="JavaScriptAlert" time="7.336"/>
</testsuite> <!-- Login And Logout -->
